<?xml version="1.0" encoding="UTF-8"?>
<!-- Generated by org.testng.reporters.JUnitReportReporter -->
<testsuite hostname="LAPTOP-3C2U60FS" name="testNG.EmpRegTest" tests="3" failures="0" timestamp="6 Oct 2017 07:56:57 GMT" time="17.917" errors="0">
  <testcase name="org_empreg" time="7.111" classname="testNG.EmpRegTest"/>
  <testcase name="org_empreg" time="4.205" classname="testNG.EmpRegTest"/>
  <testcase name="org_empreg" time="6.601" classname="testNG.EmpRegTest"/>
</testsuite> <!-- testNG.EmpRegTest -->
