<?xml version="1.0" encoding="UTF-8"?>
<!-- Generated by org.testng.reporters.JUnitReportReporter -->
<testsuite hostname="LAPTOP-3C2U60FS" name="testNG.BasicAnnotationsEg" tests="3" failures="0" timestamp="3 Oct 2017 06:06:27 GMT" time="0.016" errors="0">
  <testcase name="function1" time="0.016" classname="testNG.BasicAnnotationsEg"/>
  <testcase name="apple" time="0.000" classname="testNG.BasicAnnotationsEg"/>
  <testcase name="function2" time="0.000" classname="testNG.BasicAnnotationsEg"/>
</testsuite> <!-- testNG.BasicAnnotationsEg -->
