<?xml version="1.0" encoding="UTF-8"?>
<!-- Generated by org.testng.reporters.JUnitReportReporter -->
<testsuite hostname="LAPTOP-3C2U60FS" name="pom.LoginTest" tests="1" failures="0" timestamp="10 Oct 2017 07:48:34 GMT" time="15.768" errors="0">
  <testcase name="Login" time="15.768" classname="pom.LoginTest"/>
</testsuite> <!-- pom.LoginTest -->
