<?xml version="1.0" encoding="UTF-8"?>
<!-- Generated by org.testng.reporters.JUnitReportReporter -->
<testsuite hostname="LAPTOP-3C2U60FS" name="testNG.Primus_Login" tests="1" failures="0" timestamp="6 Oct 2017 05:54:23 GMT" time="5.771" errors="0">
  <testcase name="Login_PrimusBank" time="5.771" classname="testNG.Primus_Login"/>
</testsuite> <!-- testNG.Primus_Login -->
